<?xml version="1.0" encoding="UTF-8"?>
<!-- Generated by org.testng.reporters.JUnitReportReporter -->
<testsuite hostname="LAPTOP-D90TRQ0I" failures="0" tests="2" name="pac2.OrgTest" time="0.013" errors="0" timestamp="19 Mar 2025 05:25:32 GMT" skipped="0">
  <testcase classname="pac2.OrgTest" name="modifyOrgTest" time="0.002"/>
  <testcase classname="pac2.OrgTest" name="createOrgTest" time="0.011"/>
</testsuite> <!-- pac2.OrgTest -->
