<?xml version="1.0" encoding="UTF-8"?>
<!-- Generated by org.testng.reporters.JUnitReportReporter -->
<testsuite hostname="LAPTOP-D90TRQ0I" failures="0" tests="2" name="pac1.ContactTest" time="0.022" errors="0" timestamp="18 Mar 2025 12:19:11 GMT" skipped="0">
  <testcase classname="pac1.ContactTest" name="createContectTest" time="0.017"/>
  <testcase classname="pac1.ContactTest" name="modifyContectTest" time="0.005"/>
</testsuite> <!-- pac1.ContactTest -->
